<?xml version="1.0" encoding="UTF-8"?>
<!-- Generated by org.testng.reporters.JUnitReportReporter -->
<testsuite hostname="USER-20160709XI" name="com.tfs.SendEmail" tests="6" failures="0" timestamp="27 Aug 2016 05:58:29 GMT" time="119.081" errors="0">
  <testcase name="authentication" time="5.689" classname="com.tfs.SendEmail"/>
  <testcase name="writeEmail" time="84.952" classname="com.tfs.SendEmail"/>
  <testcase name="sendConfirm" time="8.202" classname="com.tfs.SendEmail"/>
  <testcase name="writeEmailPage" time="5.148" classname="com.tfs.SendEmail"/>
  <testcase name="openHomePage" time="8.832" classname="com.tfs.SendEmail"/>
  <testcase name="openLoginPage" time="6.258" classname="com.tfs.SendEmail"/>
</testsuite> <!-- com.tfs.SendEmail -->
