<?xml version="1.0" encoding="UTF-8"?>
<!-- Generated by org.testng.reporters.JUnitReportReporter -->
<testsuite hostname="USER-20160709XI" name="com_tfs.SendEmail" tests="6" failures="0" timestamp="27 Aug 2016 08:06:28 GMT" time="120.844" errors="0">
  <testcase name="openLoginPage" time="6.680" classname="com_tfs.SendEmail"/>
  <testcase name="authentication" time="5.698" classname="com_tfs.SendEmail"/>
  <testcase name="writeEmail" time="85.262" classname="com_tfs.SendEmail"/>
  <testcase name="sendConfirm" time="8.333" classname="com_tfs.SendEmail"/>
  <testcase name="openHomePage" time="9.734" classname="com_tfs.SendEmail"/>
  <testcase name="writeEmailPage" time="5.137" classname="com_tfs.SendEmail"/>
</testsuite> <!-- com_tfs.SendEmail -->
